2025-08-10 13:48:54,069 [Worker-6: Loading available Gradle versions] INFO  o.e.b.c.i.u.g.PublishedGradleVersions - Gradle version information cache is out-of-date. Trying to update.
2025-08-10 13:55:33,323 [Worker-3: Creating project "com.ABUEM"] INFO  o.e.m.c.i.l.LifecycleMappingFactory - Using org.eclipse.m2e.jdt.JarLifecycleMapping lifecycle mapping for MavenProject: ABUEM:com.ABUEM:0.0.1-SNAPSHOT @ C:\ABUEM Test Folder\com.ABUEM\pom.xml.
2025-08-10 13:55:35,706 [Worker-3: Creating project "com.ABUEM"] INFO  o.e.m.j.i.AbstractJavaProjectConfigurator - Adding source folder /com.ABUEM/src/main/java
2025-08-10 13:55:35,710 [Worker-3: Creating project "com.ABUEM"] INFO  o.e.m.j.i.AbstractJavaProjectConfigurator - Adding resource folder /com.ABUEM/src/main/resources
2025-08-10 13:55:35,712 [Worker-3: Creating project "com.ABUEM"] INFO  o.e.m.j.i.AbstractJavaProjectConfigurator - Adding source folder /com.ABUEM/src/test/java
2025-08-10 13:55:35,713 [Worker-3: Creating project "com.ABUEM"] INFO  o.e.m.j.i.AbstractJavaProjectConfigurator - Adding resource folder /com.ABUEM/src/test/resources
2025-08-10 13:55:37,103 [Worker-14: Building] WARN  o.a.m.s.f.DefaultMavenResourcesFiltering - Using platform encoding (Cp1252 actually) to copy filtered resources, i.e. build is platform dependent!
2025-08-10 13:55:37,111 [Worker-14: Building] INFO  o.a.m.s.f.DefaultMavenResourcesFiltering - Copying 0 resource from src\main\resources to target\classes
2025-08-10 13:55:37,121 [Worker-14: Building] WARN  o.a.m.s.f.DefaultMavenResourcesFiltering - Using platform encoding (Cp1252 actually) to copy filtered resources, i.e. build is platform dependent!
2025-08-10 13:55:37,123 [Worker-14: Building] INFO  o.a.m.s.f.DefaultMavenResourcesFiltering - Copying 0 resource from src\test\resources to target\test-classes
2025-08-10 13:56:19,313 [Worker-3: Updating Maven Project] INFO  o.e.m.c.i.p.ProjectConfigurationManager - Update started
2025-08-10 13:56:19,649 [Worker-3: Updating Maven Project] INFO  o.e.m.c.i.l.LifecycleMappingFactory - Using org.eclipse.m2e.jdt.JarLifecycleMapping lifecycle mapping for MavenProject: ABUEM:com.ABUEM:0.0.1-SNAPSHOT @ C:\ABUEM Test Folder\com.ABUEM\pom.xml.
2025-08-10 13:56:19,976 [Worker-3: Updating Maven Project] INFO  o.e.m.j.i.AbstractJavaProjectConfigurator - Adding source folder /com.ABUEM/src/main/java
2025-08-10 13:56:19,978 [Worker-3: Updating Maven Project] INFO  o.e.m.j.i.AbstractJavaProjectConfigurator - Adding resource folder /com.ABUEM/src/main/resources
2025-08-10 13:56:19,979 [Worker-3: Updating Maven Project] INFO  o.e.m.j.i.AbstractJavaProjectConfigurator - Adding source folder /com.ABUEM/src/test/java
2025-08-10 13:56:19,980 [Worker-3: Updating Maven Project] INFO  o.e.m.j.i.AbstractJavaProjectConfigurator - Adding resource folder /com.ABUEM/src/test/resources
2025-08-10 13:56:20,087 [Worker-3: Updating Maven Project] INFO  o.e.m.c.i.p.ProjectConfigurationManager - Update completed for 1 poms: local refresh takes 0.00 sec, refresh facades takes 0.00 sec, update config takes 0.00 sec 
2025-08-10 13:56:20,212 [Worker-13: Building] WARN  o.a.m.s.f.DefaultMavenResourcesFiltering - Using platform encoding (Cp1252 actually) to copy filtered resources, i.e. build is platform dependent!
2025-08-10 13:56:20,215 [Worker-13: Building] INFO  o.a.m.s.f.DefaultMavenResourcesFiltering - Copying 0 resource from src\main\resources to target\classes
2025-08-10 13:56:20,220 [Worker-13: Building] WARN  o.a.m.s.f.DefaultMavenResourcesFiltering - Using platform encoding (Cp1252 actually) to copy filtered resources, i.e. build is platform dependent!
2025-08-10 13:56:20,221 [Worker-13: Building] INFO  o.a.m.s.f.DefaultMavenResourcesFiltering - Copying 0 resource from src\test\resources to target\test-classes
2025-08-10 13:57:18,926 [Worker-14: Updating Maven Project] INFO  o.e.m.c.i.p.ProjectConfigurationManager - Update started
2025-08-10 13:57:19,193 [Worker-14: Updating Maven Project] INFO  o.e.m.c.i.l.LifecycleMappingFactory - Using org.eclipse.m2e.jdt.JarLifecycleMapping lifecycle mapping for MavenProject: ABUEM:com.ABUEM:0.0.1-SNAPSHOT @ C:\ABUEM Test Folder\com.ABUEM\pom.xml.
2025-08-10 13:57:19,358 [Worker-14: Updating Maven Project] INFO  o.e.m.j.i.AbstractJavaProjectConfigurator - Adding source folder /com.ABUEM/src/main/java
2025-08-10 13:57:19,359 [Worker-14: Updating Maven Project] INFO  o.e.m.j.i.AbstractJavaProjectConfigurator - Adding resource folder /com.ABUEM/src/main/resources
2025-08-10 13:57:19,360 [Worker-14: Updating Maven Project] INFO  o.e.m.j.i.AbstractJavaProjectConfigurator - Adding source folder /com.ABUEM/src/test/java
2025-08-10 13:57:19,362 [Worker-14: Updating Maven Project] INFO  o.e.m.j.i.AbstractJavaProjectConfigurator - Adding resource folder /com.ABUEM/src/test/resources
2025-08-10 13:57:19,489 [Worker-14: Updating Maven Project] INFO  o.e.m.c.i.p.ProjectConfigurationManager - Update completed for 1 poms: local refresh takes 0.00 sec, refresh facades takes 0.00 sec, update config takes 0.00 sec 
2025-08-10 13:57:19,620 [Worker-13: Building] WARN  o.a.m.s.f.DefaultMavenResourcesFiltering - Using platform encoding (Cp1252 actually) to copy filtered resources, i.e. build is platform dependent!
2025-08-10 13:57:19,622 [Worker-13: Building] INFO  o.a.m.s.f.DefaultMavenResourcesFiltering - Copying 0 resource from src\main\resources to target\classes
2025-08-10 13:57:19,627 [Worker-13: Building] WARN  o.a.m.s.f.DefaultMavenResourcesFiltering - Using platform encoding (Cp1252 actually) to copy filtered resources, i.e. build is platform dependent!
2025-08-10 13:57:19,629 [Worker-13: Building] INFO  o.a.m.s.f.DefaultMavenResourcesFiltering - Copying 0 resource from src\test\resources to target\test-classes
